 =====================================================
  PSCAD LINE CONSTANTS PROGRAM OUTPUT FILE (*.out)

  NOTE: This file is auto-generated.  Any manual
        changes will be lost once the Line Constants
        Program is re-run.
 =====================================================

  Display Format: M,N denotes a complex number M + jN



 -----------------------------------------------------
  LOAD FLOW RXB FORMATTED DATA @       50.00 Hz:
 -----------------------------------------------------

  NOTE: Additional Options Component can be used to display in pu values
      
   Positive Sequence 
   ................. 

   Resistance      Rsq   [Ohms]:        1.64348331    
   Reactance       Xsq   [Ohms]:        3.39862291    
   Susceptance     Bsq      [S]:       0.251383402E-04
   Surge Impedance Zcsq  [Ohms]:        367.691161    
      
   Zero Sequence 
   ............. 

   Resistance      Rsq   [Ohms]:        3.11060494    
   Reactance       Xsq   [Ohms]:        16.0654395    
   Susceptance     Bsq      [S]:       0.227112905E-04
   Surge Impedance Zcsq  [Ohms]:        841.056942    
      
 
 
 -----------------------------------------------------
  PHASE DOMAIN DATA @      50.000 Hz:
 -----------------------------------------------------

 SERIES IMPEDANCE MATRIX (Z) [ohms/m]: 
    0.215406450E-03,0.769787384E-03   0.493980349E-04,0.426492141E-03   0.493980349E-04,0.426492141E-03
    0.493980349E-04,0.426492141E-03   0.215406450E-03,0.769787384E-03   0.493980349E-04,0.426492141E-03
    0.493980349E-04,0.426492141E-03   0.493980349E-04,0.426492141E-03   0.215406450E-03,0.769787384E-03

 SHUNT ADMITTANCE MATRIX (Y) [mhos/m]: 
    0.100000000E-10,0.245750744E-08   -.145810894E-09,-.817188475E-10   -.145810894E-09,-.817188475E-10
    -.145810894E-09,-.817188475E-10   0.100000000E-10,0.245750744E-08   -.145810894E-09,-.817188475E-10
    -.145810894E-09,-.817188475E-10   -.145810894E-09,-.817188475E-10   0.100000000E-10,0.245750744E-08

 -----------------------------------------------------
  MODAL DOMAIN DATA @      50.000 Hz:
 -----------------------------------------------------

 YZ EIGENVECTOR (MODAL TRANSFORMATION) MATRIX (TI): 
    0.816496581E+00,0.000000000E+00   0.577350269E+00,0.000000000E+00   -.209310883E+00,0.385796051E-01
    -.408248290E+00,0.277555756E-16   0.577350269E+00,0.124900090E-15   0.787043403E+00,0.000000000E+00
    -.408248290E+00,0.277555756E-16   0.577350269E+00,0.124900090E-15   -.577732520E+00,-.385796051E-01

 YZ EIGENVALUE VECTOR: 
    0.770245289E+00,-.432569055E+00   0.347062501E+01,-.240219147E+00   0.770245289E+00,-.432569055E+00

 MODAL IMPEDANCE MATRIX [ohms/m]: 
    0.166008415E-03,0.343295243E-03   0.000000000E+00,-.108420217E-18   -.587774204E-04,-.801606437E-04
    0.000000000E+00,-.162630326E-18   0.314202519E-03,0.162277167E-02   0.000000000E+00,0.121972744E-18
    -.587774204E-04,-.801606437E-04   0.000000000E+00,0.108420217E-18   0.155261180E-03,0.345970561E-03

 MODAL ADMITTANCE MATRIX [mhos/m]: 
    0.241840925E-09,0.270353115E-08   0.000000000E+00,0.000000000E+00   0.210312783E-09,0.679697780E-09
    0.000000000E+00,0.000000000E+00   -.281621787E-09,0.229406974E-08   0.000000000E+00,0.000000000E+00
    0.210312783E-09,0.679697780E-09   0.000000000E+00,0.000000000E+00   0.320803953E-09,0.271054899E-08

 MODAL CHARACTERISTIC IMPEDANCE VECTOR (Z0) [ohms]: 
    0.368719666E+03,-.673250589E+02   0.835301251E+03,-.131975380E+03   0.368438335E+03,-.564425971E+02

 MODAL TRAVEL TIME VECTOR [ms]: 
    0.300275944E-01                   0.615570705E-01                   0.300275944E-01

 MODAL VELOCITY VECTOR [m/s]: 
    0.329696740E+09                   0.160826367E+09                   0.329696740E+09

 -----------------------------------------------------
  SEQUENCE COMPONENT DATA @       50.00 Hz:
 -----------------------------------------------------

 SEQUENCE TRANSFORM MATRIX: 
    0.577350269E+00,0.000000000E+00   0.577350269E+00,0.000000000E+00   0.577350269E+00,0.000000000E+00
    0.577350269E+00,0.000000000E+00   -.288675135E+00,-.500000000E+00   -.288675135E+00,0.500000000E+00
    0.577350269E+00,0.000000000E+00   -.288675135E+00,0.500000000E+00   -.288675135E+00,-.500000000E+00

 SEQUENCE IMPEDANCE MATRIX (Zsq) [ohms/m]: 
    0.314202519E-03,0.162277167E-02   0.000000000E+00,0.000000000E+00   0.000000000E+00,0.000000000E+00
    0.000000000E+00,0.000000000E+00   0.166008415E-03,0.343295243E-03   0.000000000E+00,0.000000000E+00
    -.108420217E-18,0.000000000E+00   0.000000000E+00,0.000000000E+00   0.166008415E-03,0.343295243E-03

 SEQUENCE ADMITTANCE MATRIX (Ysq) [mhos/m]: 
    -.281621787E-09,0.229406974E-08   0.000000000E+00,0.000000000E+00   0.000000000E+00,0.000000000E+00
    0.000000000E+00,0.000000000E+00   0.155810894E-09,0.253922629E-08   0.000000000E+00,0.000000000E+00
    0.000000000E+00,0.000000000E+00   0.000000000E+00,0.000000000E+00   0.155810894E-09,0.253922629E-08

 -----------------------------------------------------
  MINIMUM TIME DELAY AND RECOMMENDED TIME STEP
 -----------------------------------------------------
   
   Minimum Time Delay for the Line    [ms]:     0.030027594
   Maximum Recommended Time Step for the Line [ms]:     0.003002759
   
